#######################################################################################################################

2.3.2:
1. Add some new functions to instead some repeated code.
2. Add new enums to support new functions.
3. Rename header file.

#######################################################################################################################

2.3.1:
1. Remove #define *.
2. Add enum bool instead of using numbers while comparing.
3. Use calloc() instead of malloc().

#######################################################################################################################

2.3.0:
1. Move some information in struct GAME to struct SET, and add new information in struct GAME.
2. Add "play again?" when the game over.

#######################################################################################################################

2.2.0:
1. Add customzied difficulty, now it can custom the information of map.
2. Adjust interface.

#######################################################################################################################

2.1.2:
1. Use dynamic array instead of globla variable, and combine funt_dif_*.c with game_content.c.
2. struct GAME have more information.

#######################################################################################################################

2.1.1:
1. Add struct GAME to save the state of game, and remove some globla variable, including struct GAME, in funt_dif_*.c.
2. Remove map_guess.

#######################################################################################################################

2.1.0:
1. Add setcolor(), make interface more colorful.

#######################################################################################################################

2.0.0:
1. Can select more difficulty instead of one difficulty.
2. Now, first step is "sweeper", isn't spawn map.
3. Fix print_game() print x & y ways, and print the numbers of mines and flags.
4. Fix landboom_generate().

#######################################################################################################################

1.0.0:
minesweeper compelet!!!
